<?xml version="1.0" encoding="UTF-8"?>
<!-- Generated by org.testng.reporters.JUnitXMLReporter -->
<testsuite ignored="0" hostname="DESKTOP-IFPAR84" failures="1" tests="2" name="Test" time="20.24" errors="0" timestamp="2024-12-23T17:46:05 IST">
  <testcase classname="Test.AmazonDemoTest" name="amazonTest" time="0.093">
    <skipped/>
  </testcase> <!-- amazonTest -->
  <testcase classname="Test.AmazonDemoTest" name="amazonTest" time="7.208">
    <failure type="java.util.UnknownFormatConversionException" message="Conversion = &amp;apos;&amp;apos;&amp;apos;">
      <![CDATA[java.util.UnknownFormatConversionException: Conversion = '''
at java.base/java.util.Formatter.parse(Formatter.java:2852)
at java.base/java.util.Formatter.format(Formatter.java:2774)
at java.base/java.util.Formatter.format(Formatter.java:2728)
at java.base/java.lang.String.format(String.java:4386)
at com.tmb.utils.DyanamicUtils.getXpath(DyanamicUtils.java:11)
at com.tmb.pages.AmazonHamburgerMenuPage.clickOnSubMenuItem(AmazonHamburgerMenuPage.java:28)
at Test.AmazonDemoTest.amazonTest(AmazonDemoTest.java:31)
at java.base/java.util.concurrent.ThreadPoolExecutor.runWorker(ThreadPoolExecutor.java:1144)
at java.base/java.util.concurrent.ThreadPoolExecutor$Worker.run(ThreadPoolExecutor.java:642)
at java.base/java.lang.Thread.run(Thread.java:1583)
... Removed 10 stack frames]]>
    </failure>
  </testcase> <!-- amazonTest -->
</testsuite> <!-- Test -->
