<?xml version="1.0" encoding="UTF-8"?>
<!-- Generated by org.testng.reporters.JUnitReportReporter -->
<testsuite hostname="DESKTOP-IFPAR84" failures="0" tests="2" name="Test.AmazonDemoTest" time="19.084" errors="1" timestamp="2024-12-23T17:46:07 IST" skipped="1">
  <testcase classname="Test.AmazonDemoTest" name="amazonTest" time="14.000">
    <error message="Conversion = &#039;&#039;&#039;" type="java.util.UnknownFormatConversionException">
      <![CDATA[java.util.UnknownFormatConversionException: Conversion = '''
at java.base/java.util.Formatter.parse(Formatter.java:2852)
at java.base/java.util.Formatter.format(Formatter.java:2774)
at java.base/java.util.Formatter.format(Formatter.java:2728)
at java.base/java.lang.String.format(String.java:4386)
at com.tmb.utils.DyanamicUtils.getXpath(DyanamicUtils.java:11)
at com.tmb.pages.AmazonHamburgerMenuPage.clickOnSubMenuItem(AmazonHamburgerMenuPage.java:28)
at Test.AmazonDemoTest.amazonTest(AmazonDemoTest.java:31)
at java.base/jdk.internal.reflect.DirectMethodHandleAccessor.invoke(DirectMethodHandleAccessor.java:103)
at java.base/java.lang.reflect.Method.invoke(Method.java:580)
at org.testng.internal.MethodInvocationHelper.invokeMethod(MethodInvocationHelper.java:133)
at org.testng.internal.TestInvoker.invokeMethod(TestInvoker.java:598)
at org.testng.internal.TestInvoker.retryFailed(TestInvoker.java:213)
at org.testng.internal.MethodRunner.runInSequence(MethodRunner.java:58)
at org.testng.internal.TestInvoker$MethodInvocationAgent.invoke(TestInvoker.java:824)
at org.testng.internal.TestInvoker.invokeTestMethods(TestInvoker.java:146)
at org.testng.internal.TestMethodWorker.invokeTestMethods(TestMethodWorker.java:146)
at org.testng.internal.TestMethodWorker.run(TestMethodWorker.java:128)
at java.base/java.util.concurrent.ThreadPoolExecutor.runWorker(ThreadPoolExecutor.java:1144)
at java.base/java.util.concurrent.ThreadPoolExecutor$Worker.run(ThreadPoolExecutor.java:642)
at java.base/java.lang.Thread.run(Thread.java:1583)
]]>
    </error>
  </testcase> <!-- amazonTest -->
  <system-out/>
  <testcase classname="Test.AmazonDemoTest" name="amazonTest" time="5.084">
    <skipped/>
  </testcase> <!-- amazonTest -->
  <system-out/>
</testsuite> <!-- Test.AmazonDemoTest -->
